<?xml version="1.0" encoding="UTF-8"?>
<!-- Generated by org.testng.reporters.JUnitReportReporter -->
<testsuite hostname="LAPTOP-86JQ26MA" failures="0" tests="1" name="tests.LoginTest" time="6.495" errors="0" timestamp="2022-07-24T15:46:25 IST" skipped="0">
  <testcase classname="tests.LoginTest" name="login" time="6.495"/>
  <system-out/>
</testsuite> <!-- tests.LoginTest -->
